============================= test session starts ==============================
platform linux -- Python 3.13.10, pytest-9.0.0, pluggy-1.6.0
rootdir: /home/maxi/core/core/vendor/growspace_manager
configfile: pytest.ini (WARNING: ignoring pytest config in pyproject.toml!)
plugins: cov-7.0.0, anyio-4.12.1, homeassistant-custom-component-0.13.305, syrupy-5.0.0, respx-0.22.0, aiohttp-1.1.0, github-actions-annotate-failures-0.3.0, picked-0.5.1, timeout-2.4.0, xdist-3.8.0, unordered-0.7.0, requests-mock-1.12.1, sugar-1.0.0, pytest_freezer-0.4.9, asyncio-1.3.0, socket-0.7.0
asyncio: mode=Mode.AUTO, debug=False, asyncio_default_fixture_loop_scope=function, asyncio_default_test_loop_scope=function
collected 1346 items

tests/test_ai_assistant.py .......................                       [  1%]
tests/test_ai_assistant_coverage.py ............                         [  2%]
tests/test_ai_config_handler.py .....                                    [  2%]
tests/test_batch_actions.py .....                                        [  3%]
tests/test_batch_add_plants.py .....                                     [  3%]
tests/test_bayesian_evaluator.py ....................................... [  6%]
.......                                                                  [  7%]
tests/test_bayesian_evaluator_refactor.py ........                       [  7%]
tests/test_binary_sensor.py ............................................ [ 10%]
......................................................................   [ 16%]
tests/test_binary_sensor_coverage.py .......                             [ 16%]
tests/test_binary_sensor_dry_cure.py ..                                  [ 16%]
tests/test_binary_sensor_logic.py ...                                    [ 17%]
tests/test_binary_sensor_unavailable_light.py ..                         [ 17%]
tests/test_cache_invalidation.py ..                                      [ 17%]
tests/test_calendar.py .......                                           [ 17%]
tests/test_config_flow.py .............................................. [ 21%]
.................................................................        [ 26%]
tests/test_config_flow_import_export.py ......                           [ 26%]
tests/test_config_handlers_coverage.py ..........................        [ 28%]
tests/test_const.py ...........                                          [ 29%]
tests/test_coordinator.py .............................................. [ 32%]
.........................................................                [ 36%]
tests/test_coordinator_cache.py ...                                      [ 37%]
tests/test_coordinator_coverage.py .............                         [ 38%]
tests/test_coordinator_services.py .....                                 [ 38%]
tests/test_coverage_gap_fill.py ......                                   [ 39%]
tests/test_coverage_gap_fix.py ..........................                [ 40%]
tests/test_coverage_top_off.py .....................                     [ 42%]
tests/test_data_repository.py ........                                   [ 43%]
tests/test_debug_services.py .....................                       [ 44%]
tests/test_dehumidifier_config_flow.py INFO:homeassistant.loader:Loaded recorder from homeassistant.components.recorder
.                                 [ 44%]
tests/test_dehumidifier_coordinator.py .....................             [ 46%]
tests/test_diagnostics.py .                                              [ 46%]
tests/test_environment.py ......                                         [ 46%]
tests/test_environment_analyzer.py .........                             [ 47%]
tests/test_event_categorization.py .                                     [ 47%]
tests/test_events.py ....                                                [ 47%]
tests/test_ghost_plant_bug.py .                                          [ 47%]
tests/test_growspace_services.py ..............                          [ 48%]
tests/test_growspace_validator.py ......                                 [ 49%]
tests/test_helpers.py ........                                           [ 50%]
tests/test_history_datetime_strings.py .                                 [ 50%]
tests/test_history_fix.py .                                              [ 50%]
tests/test_history_missing_key.py .                                      [ 50%]
tests/test_history_stats.py ..                                           [ 50%]
tests/test_image_manager.py .............                                [ 51%]
tests/test_image_manager_coverage.py ...............                     [ 52%]
tests/test_image_manager_db_integration.py ......                        [ 52%]
tests/test_import_export_manager.py .....                                [ 53%]
tests/test_init.py ............................                          [ 55%]
tests/test_init_coverage.py ...........                                  [ 56%]
tests/test_init_simple_coverage.py .....                                 [ 56%]
tests/test_intent.py .....                                               [ 56%]
tests/test_ipm_logic.py .....                                            [ 57%]
tests/test_ipm_services.py ...                                           [ 57%]
tests/test_irrigation_coordinator.py ........................            [ 59%]
tests/test_irrigation_coordinator_coverage.py ............               [ 60%]
tests/test_logbook.py ..                                                 [ 60%]
tests/test_logbook_coverage.py ......                                    [ 60%]
tests/test_logbook_deduplication.py .                                    [ 60%]
tests/test_models.py ...............                                     [ 61%]
tests/test_mold_sensor_refactor.py .....                                 [ 62%]
tests/test_notification_config_handler.py .....                          [ 62%]
tests/test_notification_manager.py .................                     [ 63%]
tests/test_nutrient_inventory_websocket.py ...                           [ 64%]
tests/test_nutrient_manager.py ................                          [ 65%]
tests/test_nutrient_presets.py .......................                   [ 67%]
tests/test_optimistic_events.py ...                                      [ 67%]
tests/test_options_flow.py ......................                        [ 68%]
tests/test_plant_config_handler.py .........                             [ 69%]
tests/test_plant_history.py ....                                         [ 69%]
tests/test_plant_lifecycle_coverage.py ....                              [ 70%]
tests/test_plant_lifecycle_manager.py .....                              [ 70%]
tests/test_plant_services.py ........................................... [ 73%]
...........................                                              [ 75%]
tests/test_plant_services_coverage.py .........                          [ 76%]
tests/test_sensor.py ................................                    [ 78%]
tests/test_sensor_updates.py sssss                                       [ 79%]
tests/test_serializers.py ...............                                [ 80%]
tests/test_service_error_handling.py .....                               [ 80%]
tests/test_service_error_handling_coverage.py .....                      [ 81%]
tests/test_service_nutrient_inventory.py ........                        [ 81%]
tests/test_service_registration.py ....                                  [ 81%]
tests/test_services.py .....................                             [ 83%]
tests/test_services_irrigation.py ..............                         [ 84%]
tests/test_services_plant_simple_coverage.py ..                          [ 84%]
tests/test_services_strain_library.py ................                   [ 85%]
tests/test_shutdown.py ...                                               [ 86%]
tests/test_storage_manager.py ..                                         [ 86%]
tests/test_strain_library.py .............................               [ 88%]
tests/test_strain_library_services.py ..................                 [ 89%]
tests/test_strain_library_ws.py .....                                    [ 90%]
tests/test_subsystem_manager.py ....                                     [ 90%]
tests/test_switch.py ...                                                 [ 90%]
tests/test_training_logic.py ....                                        [ 90%]
tests/test_trend_analyzer.py ...........                                 [ 91%]
tests/test_utils.py .............................                        [ 93%]
tests/test_validation.py .................                               [ 95%]
tests/test_vwc_irrigation_coordinator.py ..................              [ 96%]
tests/test_watering_feature.py .................                         [ 97%]
tests/test_webp_migration.py .                                           [ 97%]
tests/test_websocket.py .............................                    [100%]

=============================== warnings summary ===============================
tests/test_coordinator_cache.py::test_cache_invalidation_add_plant
tests/test_coverage_top_off.py::test_dehumidifier_stages_coverage
  /home/maxi/core/core/vendor/growspace_manager/.venv/lib/python3.13/site-packages/pytest_homeassistant_custom_component/plugins.py:261: RuntimeWarning: coroutine 'AsyncMockMixin._execute_mock_call' was never awaited
    gc.collect()
  Enable tracemalloc to get traceback where the object was allocated.
  See https://docs.pytest.org/en/stable/how-to/capture-warnings.html#resource-warnings for more info.

-- Docs: https://docs.pytest.org/en/stable/how-to/capture-warnings.html
================================ tests coverage ================================
_______________ coverage: platform linux, python 3.13.10-final-0 _______________

Name                                                                                 Stmts   Miss  Cover   Missing
------------------------------------------------------------------------------------------------------------------
custom_components/growspace_manager/__init__.py                                         84      0   100%
custom_components/growspace_manager/bayesian_data.py                                    17      0   100%
custom_components/growspace_manager/bayesian_evaluator.py                              379      0   100%
custom_components/growspace_manager/binary_sensor.py                                   390      2    99%   225, 549
custom_components/growspace_manager/calendar.py                                         54      0   100%
custom_components/growspace_manager/config_flow.py                                     181      0   100%
custom_components/growspace_manager/config_handlers/__init__.py                         41      0   100%
custom_components/growspace_manager/config_handlers/ai_config_handler.py                53      2    96%   141, 176
custom_components/growspace_manager/config_handlers/environment_config_handler.py      202      4    98%   47, 79, 147, 200
custom_components/growspace_manager/config_handlers/growspace_config_handler.py        121      5    96%   173, 192, 197, 281, 290
custom_components/growspace_manager/config_handlers/irrigation_config_handler.py        58      2    97%   65, 80
custom_components/growspace_manager/config_handlers/notification_config_handler.py      67      1    99%   91
custom_components/growspace_manager/config_handlers/plant_config_handler.py            142      5    96%   32, 68, 136, 371, 386
custom_components/growspace_manager/config_handlers/strain_config_handler.py            83      1    99%   31
custom_components/growspace_manager/const.py                                           194      0   100%
custom_components/growspace_manager/coordinator.py                                     690      0   100%
custom_components/growspace_manager/data_repository.py                                  30      0   100%
custom_components/growspace_manager/dehumidifier_coordinator.py                        145      0   100%
custom_components/growspace_manager/diagnostics.py                                      14      0   100%
custom_components/growspace_manager/environment_analyzer.py                            135      0   100%
custom_components/growspace_manager/events.py                                           43      0   100%
custom_components/growspace_manager/exceptions.py                                        5      0   100%
custom_components/growspace_manager/growspace_validator.py                              32      0   100%
custom_components/growspace_manager/helpers.py                                          40      0   100%
custom_components/growspace_manager/image_manager.py                                   169      0   100%
custom_components/growspace_manager/import_export_manager.py                            55      0   100%
custom_components/growspace_manager/intent.py                                           49      0   100%
custom_components/growspace_manager/irrigation_coordinator.py                          200      0   100%
custom_components/growspace_manager/logbook.py                                          66      0   100%
custom_components/growspace_manager/managers/nutrient.py                               102      0   100%
custom_components/growspace_manager/managers/subsystem.py                               41      0   100%
custom_components/growspace_manager/models.py                                          286      0   100%
custom_components/growspace_manager/notification_manager.py                            128      0   100%
custom_components/growspace_manager/plant_lifecycle_manager.py                         180      0   100%
custom_components/growspace_manager/schemas.py                                          55      0   100%
custom_components/growspace_manager/sensor.py                                          370      0   100%
custom_components/growspace_manager/serializers.py                                     188      6    97%   153, 185-194
custom_components/growspace_manager/service_registration.py                             30      0   100%
custom_components/growspace_manager/services/__init__.py                                 7      0   100%
custom_components/growspace_manager/services/ai_assistant.py                           383      0   100%
custom_components/growspace_manager/services/batch.py                                   32      0   100%
custom_components/growspace_manager/services/debug.py                                  139      0   100%
custom_components/growspace_manager/services/environment.py                             46      0   100%
custom_components/growspace_manager/services/growspace.py                               47      0   100%
custom_components/growspace_manager/services/growspace_service.py                      147      0   100%
custom_components/growspace_manager/services/ipm.py                                     43      0   100%
custom_components/growspace_manager/services/irrigation.py                              78      0   100%
custom_components/growspace_manager/services/irrigation_watering.py                     34      0   100%
custom_components/growspace_manager/services/nutrient_inventory.py                      28      0   100%
custom_components/growspace_manager/services/nutrient_presets.py                        30      0   100%
custom_components/growspace_manager/services/plant.py                                  350      0   100%
custom_components/growspace_manager/services/plant_service.py                           84      0   100%
custom_components/growspace_manager/services/strain_library.py                         139      0   100%
custom_components/growspace_manager/services/training.py                                20      0   100%
custom_components/growspace_manager/storage_manager.py                                 118      4    97%   198, 226-228
custom_components/growspace_manager/strain_library.py                                  267      0   100%
custom_components/growspace_manager/strategies/curing.py                                28      0   100%
custom_components/growspace_manager/strategies/drying.py                                28      0   100%
custom_components/growspace_manager/strategies/evaluator_strategy.py                     9      0   100%
custom_components/growspace_manager/strategies/mold.py                                  68      1    99%   107
custom_components/growspace_manager/strategies/optimal.py                               23      0   100%
custom_components/growspace_manager/strategies/stress.py                                26      0   100%
custom_components/growspace_manager/switch.py                                           53      0   100%
custom_components/growspace_manager/trend_analyzer.py                                   56      0   100%
custom_components/growspace_manager/utils.py                                           110      0   100%
custom_components/growspace_manager/validation.py                                       22      0   100%
custom_components/growspace_manager/views.py                                            87      0   100%
custom_components/growspace_manager/vwc_irrigation_coordinator.py                      135      0   100%
custom_components/growspace_manager/websocket.py                                       327      0   100%
------------------------------------------------------------------------------------------------------------------
TOTAL                                                                                 8083     33    99%
================= 1341 passed, 5 skipped, 2 warnings in 31.24s =================
